[debug] [2023-10-29T17:01:40.816Z] ----------------------------------------------------------------------
[debug] [2023-10-29T17:01:40.817Z] Command:       C:\Program Files\nodejs\node.exe C:\Users\AlexW\AppData\Roaming\npm\node_modules\firebase-tools\lib\bin\firebase.js init
[debug] [2023-10-29T17:01:40.817Z] CLI Version:   12.7.0
[debug] [2023-10-29T17:01:40.818Z] Platform:      win32
[debug] [2023-10-29T17:01:40.818Z] Node Version:  v18.18.0
[debug] [2023-10-29T17:01:40.818Z] Time:          Sun Oct 29 2023 10:01:40 GMT-0700 (Pacific Daylight Time)
[debug] [2023-10-29T17:01:40.818Z] ----------------------------------------------------------------------
[debug] 
[debug] [2023-10-29T17:01:40.820Z] >>> [apiv2][query] GET https://firebase-public.firebaseio.com/cli.json [none]
[debug] [2023-10-29T17:01:40.852Z] > command requires scopes: ["email","openid","https://www.googleapis.com/auth/cloudplatformprojects.readonly","https://www.googleapis.com/auth/firebase","https://www.googleapis.com/auth/cloud-platform"]
[debug] [2023-10-29T17:01:40.852Z] > authorizing via signed-in user (wethegreatestnever@gmail.com)
[info] 
     ######## #### ########  ######## ########     ###     ######  ########
     ##        ##  ##     ## ##       ##     ##  ##   ##  ##       ##
     ######    ##  ########  ######   ########  #########  ######  ######
     ##        ##  ##    ##  ##       ##     ## ##     ##       ## ##
     ##       #### ##     ## ######## ########  ##     ##  ######  ########

You're about to initialize a Firebase project in this directory:

  C:\Users\AlexW\Projects\web\next-projects\next-firebase-app

[debug] [2023-10-29T17:01:41.008Z] <<< [apiv2][status] GET https://firebase-public.firebaseio.com/cli.json 200
[debug] [2023-10-29T17:01:41.009Z] <<< [apiv2][body] GET https://firebase-public.firebaseio.com/cli.json {"cloudBuildErrorAfter":1594252800000,"cloudBuildWarnAfter":1590019200000,"defaultNode10After":1594252800000,"minVersion":"3.0.5","node8DeploysDisabledAfter":1613390400000,"node8RuntimeDisabledAfter":1615809600000,"node8WarnAfter":1600128000000}
